<?xml version="1.0" encoding="UTF-8"?>
<testng-results ignored="0" total="1" passed="1" failed="0" skipped="0">
  <reporter-output>
  </reporter-output>
  <suite started-at="2024-06-27T15:58:53Z" name="Default suite" finished-at="2024-06-27T15:59:27Z" duration-ms="34082">
    <groups>
    </groups>
    <test started-at="2024-06-27T15:58:53Z" name="Default test" finished-at="2024-06-27T15:59:27Z" duration-ms="34082">
      <class name="Org.OrgCreateWithType">
        <test-method is-config="true" signature="configBS()[pri:0, instance:Org.OrgCreateWithType@38aa816f]" started-at="2024-06-27T15:58:53Z" name="configBS" finished-at="2024-06-27T15:58:53Z" duration-ms="115" status="PASS">
          <reporter-output>
          </reporter-output>
        </test-method> <!-- configBS -->
        <test-method is-config="true" signature="configBC()[pri:0, instance:Org.OrgCreateWithType@38aa816f]" started-at="2024-06-27T15:58:53Z" name="configBC" finished-at="2024-06-27T15:58:59Z" duration-ms="6375" status="PASS">
          <reporter-output>
          </reporter-output>
        </test-method> <!-- configBC -->
        <test-method is-config="true" signature="configBM()[pri:0, instance:Org.OrgCreateWithType@38aa816f]" started-at="2024-06-27T15:58:59Z" name="configBM" finished-at="2024-06-27T15:59:07Z" duration-ms="7479" status="PASS">
          <reporter-output>
          </reporter-output>
        </test-method> <!-- configBM -->
        <test-method signature="sampleTest()[pri:0, instance:Org.OrgCreateWithType@38aa816f]" started-at="2024-06-27T15:59:07Z" name="sampleTest" finished-at="2024-06-27T15:59:25Z" duration-ms="18487" status="PASS">
          <reporter-output>
          </reporter-output>
        </test-method> <!-- sampleTest -->
        <test-method is-config="true" signature="configAM()[pri:0, instance:Org.OrgCreateWithType@38aa816f]" started-at="2024-06-27T15:59:25Z" name="configAM" finished-at="2024-06-27T15:59:25Z" duration-ms="70" status="PASS">
          <reporter-output>
          </reporter-output>
        </test-method> <!-- configAM -->
        <test-method is-config="true" signature="configAC()[pri:0, instance:Org.OrgCreateWithType@38aa816f]" started-at="2024-06-27T15:59:25Z" name="configAC" finished-at="2024-06-27T15:59:27Z" duration-ms="1539" status="PASS">
          <reporter-output>
          </reporter-output>
        </test-method> <!-- configAC -->
        <test-method is-config="true" signature="configAS()[pri:0, instance:Org.OrgCreateWithType@38aa816f]" started-at="2024-06-27T15:59:27Z" name="configAS" finished-at="2024-06-27T15:59:27Z" duration-ms="1" status="PASS">
          <reporter-output>
          </reporter-output>
        </test-method> <!-- configAS -->
      </class> <!-- Org.OrgCreateWithType -->
    </test> <!-- Default test -->
  </suite> <!-- Default suite -->
</testng-results>
